[NX Daemon Server] - 2024-09-11T11:30:05.647Z - Started listening on: /var/folders/_q/jm5kwxh97vj1ys46bs0lhkx80000gn/T/79fbd90cf51a9d419f75/d.sock
[NX Daemon Server] - 2024-09-11T11:30:05.649Z - [WATCHER]: Subscribed to changes within: /Users/nevodavid/Projects/gitroom (native)
[NX Daemon Server] - 2024-09-11T11:30:05.656Z - Established a connection. Number of open connections: 1
[NX Daemon Server] - 2024-09-11T11:30:05.656Z - Established a connection. Number of open connections: 2
[NX Daemon Server] - 2024-09-11T11:30:05.657Z - Closed a connection. Number of open connections: 1
[NX Daemon Server] - 2024-09-11T11:30:05.658Z - [REQUEST]: Client Request for Project Graph Received
[NX Daemon Server] - 2024-09-11T11:30:05.711Z - [WATCHER]: Processing file changes in outputs
[NX Daemon Server] - 2024-09-11T11:30:05.758Z - [REQUEST]: Updated workspace context based on watched changes, recomputing project graph...
[NX Daemon Server] - 2024-09-11T11:30:05.758Z - [REQUEST]: 
[NX Daemon Server] - 2024-09-11T11:30:05.758Z - [REQUEST]: 
[NX Daemon Server] - 2024-09-11T11:30:05.762Z - Time taken for 'loadNxPlugins' 99.35037499666214ms
[NX Daemon Server] - 2024-09-11T11:30:05.803Z - Time taken for 'build-project-configs' 31.960999965667725ms
[NX Daemon Server] - 2024-09-11T11:30:05.873Z - [SYNC]: collect registered sync generators
[NX Daemon Server] - 2024-09-11T11:30:05.873Z - [REQUEST]: Responding to the client. project-graph
[NX Daemon Server] - 2024-09-11T11:30:05.874Z - Time taken for 'total for creating and serializing project graph' 215.86912500858307ms
[NX Daemon Server] - 2024-09-11T11:30:05.876Z - Done responding to the client project-graph
[NX Daemon Server] - 2024-09-11T11:30:05.876Z - Handled REQUEST_PROJECT_GRAPH. Handling time: 216. Response time: 3.
[NX Daemon Server] - 2024-09-11T11:30:05.929Z - [REQUEST]: Responding to the client. handleHashTasks
[NX Daemon Server] - 2024-09-11T11:30:05.929Z - Done responding to the client handleHashTasks
[NX Daemon Server] - 2024-09-11T11:30:05.929Z - Handled HASH_TASKS. Handling time: 20. Response time: 0.
[NX Daemon Server] - 2024-09-11T11:30:06.984Z - Established a connection. Number of open connections: 2
[NX Daemon Server] - 2024-09-11T11:30:06.986Z - Established a connection. Number of open connections: 3
[NX Daemon Server] - 2024-09-11T11:30:06.987Z - Closed a connection. Number of open connections: 2
[NX Daemon Server] - 2024-09-11T11:30:06.987Z - [REQUEST]: Client Request for Project Graph Received
[NX Daemon Server] - 2024-09-11T11:30:06.987Z - [REQUEST]: Responding to the client. project-graph
[NX Daemon Server] - 2024-09-11T11:30:06.988Z - Time taken for 'total for creating and serializing project graph' 0.21141600608825684ms
[NX Daemon Server] - 2024-09-11T11:30:07.007Z - Done responding to the client project-graph
[NX Daemon Server] - 2024-09-11T11:30:07.007Z - Handled REQUEST_PROJECT_GRAPH. Handling time: 0. Response time: 20.
[NX Daemon Server] - 2024-09-11T11:30:07.230Z - [REQUEST]: Client Request for Project Graph Received
[NX Daemon Server] - 2024-09-11T11:30:07.231Z - [REQUEST]: Responding to the client. project-graph
[NX Daemon Server] - 2024-09-11T11:30:07.231Z - Time taken for 'total for creating and serializing project graph' 0.3080419898033142ms
[NX Daemon Server] - 2024-09-11T11:30:07.256Z - Done responding to the client project-graph
[NX Daemon Server] - 2024-09-11T11:30:07.256Z - Handled REQUEST_PROJECT_GRAPH. Handling time: 1. Response time: 25.
[NX Daemon Server] - 2024-09-11T11:30:07.414Z - [WATCHER]: Processing file changes in outputs
[NX Daemon Server] - 2024-09-11T11:30:07.464Z - [WATCHER]: Processing file changes in outputs
[NX Daemon Server] - 2024-09-11T11:30:09.055Z - [WATCHER]: Processing file changes in outputs
[NX Daemon Server] - 2024-09-11T11:30:15.817Z - [REQUEST]: Responding to the client. recordOutputsHash
[NX Daemon Server] - 2024-09-11T11:30:15.817Z - Done responding to the client recordOutputsHash
[NX Daemon Server] - 2024-09-11T11:30:15.817Z - Handled RECORD_OUTPUTS_HASH. Handling time: 2. Response time: 0.
[NX Daemon Server] - 2024-09-11T11:30:15.860Z - [WATCHER]: Processing file changes in outputs
[NX Daemon Server] - 2024-09-11T11:30:20.120Z - [WATCHER]: Processing file changes in outputs
[NX Daemon Server] - 2024-09-11T11:30:20.180Z - [REQUEST]: Responding to the client. recordOutputsHash
[NX Daemon Server] - 2024-09-11T11:30:20.180Z - Done responding to the client recordOutputsHash
[NX Daemon Server] - 2024-09-11T11:30:20.180Z - Handled RECORD_OUTPUTS_HASH. Handling time: 3. Response time: 0.
[NX Daemon Server] - 2024-09-11T11:30:21.035Z - [WATCHER]: Processing file changes in outputs
[NX Daemon Server] - 2024-09-11T11:30:22.713Z - [WATCHER]: Processing file changes in outputs
[NX Daemon Server] - 2024-09-11T11:30:23.843Z - [REQUEST]: Responding to the client. recordOutputsHash
[NX Daemon Server] - 2024-09-11T11:30:23.843Z - Done responding to the client recordOutputsHash
[NX Daemon Server] - 2024-09-11T11:30:23.843Z - Handled RECORD_OUTPUTS_HASH. Handling time: 3. Response time: 0.
[NX Daemon Server] - 2024-09-11T11:30:23.882Z - [WATCHER]: Processing file changes in outputs
[NX Daemon Server] - 2024-09-11T11:30:25.558Z - [WATCHER]: Processing file changes in outputs
[NX Daemon Server] - 2024-09-11T11:30:25.713Z - [WATCHER]: Processing file changes in outputs
[NX Daemon Server] - 2024-09-11T11:30:26.035Z - [WATCHER]: Processing file changes in outputs
[NX Daemon Server] - 2024-09-11T11:30:26.190Z - [WATCHER]: Processing file changes in outputs
[NX Daemon Server] - 2024-09-11T11:30:27.020Z - [WATCHER]: Processing file changes in outputs
[NX Daemon Server] - 2024-09-11T11:30:27.198Z - [WATCHER]: Processing file changes in outputs
[NX Daemon Server] - 2024-09-11T11:30:27.953Z - [WATCHER]: Processing file changes in outputs
[NX Daemon Server] - 2024-09-11T11:30:42.609Z - [WATCHER]: Processing file changes in outputs
[NX Daemon Server] - 2024-09-11T11:30:46.077Z - [WATCHER]: Processing file changes in outputs
[NX Daemon Server] - 2024-09-11T11:30:46.139Z - [WATCHER]: Processing file changes in outputs
[NX Daemon Server] - 2024-09-11T11:30:46.689Z - [WATCHER]: Processing file changes in outputs
[NX Daemon Server] - 2024-09-11T11:30:46.877Z - [WATCHER]: Processing file changes in outputs
[NX Daemon Server] - 2024-09-11T11:30:50.072Z - [WATCHER]: Processing file changes in outputs
[NX Daemon Server] - 2024-09-11T11:30:50.649Z - [WATCHER]: Processing file changes in outputs
[NX Daemon Server] - 2024-09-11T11:30:50.838Z - [WATCHER]: Processing file changes in outputs
[NX Daemon Server] - 2024-09-11T11:30:51.195Z - [WATCHER]: libraries/nestjs-libraries/src/integrations/social/x.provider.ts was modified
[NX Daemon Server] - 2024-09-11T11:30:51.195Z - [WATCHER]: Processing file changes in outputs
[NX Daemon Server] - 2024-09-11T11:30:51.297Z - [REQUEST]: Updated workspace context based on watched changes, recomputing project graph...
[NX Daemon Server] - 2024-09-11T11:30:51.297Z - [REQUEST]: libraries/nestjs-libraries/src/integrations/social/x.provider.ts
[NX Daemon Server] - 2024-09-11T11:30:51.297Z - [REQUEST]: 
[NX Daemon Server] - 2024-09-11T11:30:51.301Z - Time taken for 'hash changed files from watcher' 0.5120830535888672ms
[NX Daemon Server] - 2024-09-11T11:30:51.304Z - [WATCHER]: Processing file changes in outputs
[NX Daemon Server] - 2024-09-11T11:30:51.325Z - Time taken for 'build-project-configs' 20.961665987968445ms
[NX Daemon Server] - 2024-09-11T11:30:51.388Z - [SYNC]: collect registered sync generators
[NX Daemon Server] - 2024-09-11T11:30:51.388Z - [SYNC]: project graph hash is the same, not collecting task sync generators
[NX Daemon Server] - 2024-09-11T11:30:51.388Z - [SYNC]: nx.json hash is the same, not collecting global sync generators
[NX Daemon Server] - 2024-09-11T11:30:51.388Z - Time taken for 'total execution time for createProjectGraph()' 52.36845797300339ms
[NX Daemon Server] - 2024-09-11T11:30:51.837Z - [WATCHER]: Processing file changes in outputs
[NX Daemon Server] - 2024-09-11T11:30:52.732Z - [WATCHER]: Processing file changes in outputs
[NX Daemon Server] - 2024-09-11T11:30:53.106Z - [WATCHER]: Processing file changes in outputs
[NX Daemon Server] - 2024-09-11T11:30:53.185Z - [WATCHER]: Processing file changes in outputs
[NX Daemon Server] - 2024-09-11T11:30:53.243Z - [WATCHER]: Processing file changes in outputs
[NX Daemon Server] - 2024-09-11T11:30:56.120Z - [WATCHER]: Processing file changes in outputs
[NX Daemon Server] - 2024-09-11T11:30:56.158Z - Closed a connection. Number of open connections: 1
[NX Daemon Server] - 2024-09-11T11:30:56.221Z - [REQUEST]: Responding to the client. recordOutputsHash
[NX Daemon Server] - 2024-09-11T11:30:56.221Z - Done responding to the client recordOutputsHash
[NX Daemon Server] - 2024-09-11T11:30:56.221Z - Handled RECORD_OUTPUTS_HASH. Handling time: 6. Response time: 0.
[NX Daemon Server] - 2024-09-11T11:30:56.224Z - [WATCHER]: Processing file changes in outputs
[NX Daemon Server] - 2024-09-11T11:30:56.283Z - [WATCHER]: Processing file changes in outputs
[NX Daemon Server] - 2024-09-11T11:30:56.322Z - [REQUEST]: Responding to the client. handleRecordTaskRuns
[NX Daemon Server] - 2024-09-11T11:30:56.322Z - Done responding to the client handleRecordTaskRuns
[NX Daemon Server] - 2024-09-11T11:30:56.322Z - Handled WRITE_TASK_RUNS_TO_HISTORY. Handling time: 18. Response time: 1.
[NX Daemon Server] - 2024-09-11T11:30:56.322Z - [REQUEST]: Responding to the client. handleGetFlakyTasks
[NX Daemon Server] - 2024-09-11T11:30:56.322Z - Done responding to the client handleGetFlakyTasks
[NX Daemon Server] - 2024-09-11T11:30:56.323Z - Handled GET_TASK_HISTORY_FOR_HASHES. Handling time: 0. Response time: 1.
[NX Daemon Server] - 2024-09-11T11:30:56.326Z - Closed a connection. Number of open connections: 0
[NX Daemon Server] - 2024-09-11T11:30:58.324Z - Established a connection. Number of open connections: 1
[NX Daemon Server] - 2024-09-11T11:30:58.328Z - Established a connection. Number of open connections: 2
[NX Daemon Server] - 2024-09-11T11:30:58.328Z - Closed a connection. Number of open connections: 1
[NX Daemon Server] - 2024-09-11T11:30:58.328Z - [REQUEST]: Client Request for Project Graph Received
[NX Daemon Server] - 2024-09-11T11:30:58.329Z - [REQUEST]: Responding to the client. project-graph
[NX Daemon Server] - 2024-09-11T11:30:58.329Z - Time taken for 'total for creating and serializing project graph' 0.2151249647140503ms
[NX Daemon Server] - 2024-09-11T11:30:58.331Z - Done responding to the client project-graph
[NX Daemon Server] - 2024-09-11T11:30:58.332Z - Handled REQUEST_PROJECT_GRAPH. Handling time: 1. Response time: 3.
[NX Daemon Server] - 2024-09-11T11:30:58.378Z - [REQUEST]: Responding to the client. handleHashTasks
[NX Daemon Server] - 2024-09-11T11:30:58.379Z - Done responding to the client handleHashTasks
[NX Daemon Server] - 2024-09-11T11:30:58.379Z - Handled HASH_TASKS. Handling time: 18. Response time: 1.
[NX Daemon Server] - 2024-09-11T11:30:58.421Z - [REQUEST]: Responding to the client. outputsHashesMatch
[NX Daemon Server] - 2024-09-11T11:30:58.421Z - Done responding to the client outputsHashesMatch
[NX Daemon Server] - 2024-09-11T11:30:58.421Z - Handled OUTPUTS_HASHES_MATCH. Handling time: 5. Response time: 0.
[NX Daemon Server] - 2024-09-11T11:30:58.429Z - [REQUEST]: Responding to the client. recordOutputsHash
[NX Daemon Server] - 2024-09-11T11:30:58.429Z - Done responding to the client recordOutputsHash
[NX Daemon Server] - 2024-09-11T11:30:58.429Z - Handled RECORD_OUTPUTS_HASH. Handling time: 7. Response time: 0.
[NX Daemon Server] - 2024-09-11T11:30:58.912Z - [WATCHER]: Processing file changes in outputs
[NX Daemon Server] - 2024-09-11T11:31:08.625Z - [REQUEST]: Responding to the client. recordOutputsHash
[NX Daemon Server] - 2024-09-11T11:31:08.626Z - Done responding to the client recordOutputsHash
[NX Daemon Server] - 2024-09-11T11:31:08.626Z - Handled RECORD_OUTPUTS_HASH. Handling time: 4. Response time: 1.
[NX Daemon Server] - 2024-09-11T11:31:08.655Z - [WATCHER]: Processing file changes in outputs
[NX Daemon Server] - 2024-09-11T11:31:08.735Z - [REQUEST]: Responding to the client. recordOutputsHash
[NX Daemon Server] - 2024-09-11T11:31:08.735Z - Done responding to the client recordOutputsHash
[NX Daemon Server] - 2024-09-11T11:31:08.735Z - Handled RECORD_OUTPUTS_HASH. Handling time: 2. Response time: 0.
[NX Daemon Server] - 2024-09-11T11:31:08.781Z - [WATCHER]: Processing file changes in outputs
[NX Daemon Server] - 2024-09-11T11:31:11.856Z - [WATCHER]: Processing file changes in outputs
[NX Daemon Server] - 2024-09-11T11:31:11.911Z - [REQUEST]: Responding to the client. recordOutputsHash
[NX Daemon Server] - 2024-09-11T11:31:11.911Z - Done responding to the client recordOutputsHash
[NX Daemon Server] - 2024-09-11T11:31:11.911Z - Handled RECORD_OUTPUTS_HASH. Handling time: 3. Response time: 0.
[NX Daemon Server] - 2024-09-11T11:31:11.914Z - [REQUEST]: Responding to the client. handleRecordTaskRuns
[NX Daemon Server] - 2024-09-11T11:31:11.914Z - Done responding to the client handleRecordTaskRuns
[NX Daemon Server] - 2024-09-11T11:31:11.914Z - Handled WRITE_TASK_RUNS_TO_HISTORY. Handling time: 1. Response time: 0.
[NX Daemon Server] - 2024-09-11T11:31:11.915Z - [REQUEST]: Responding to the client. handleGetFlakyTasks
[NX Daemon Server] - 2024-09-11T11:31:11.915Z - Done responding to the client handleGetFlakyTasks
[NX Daemon Server] - 2024-09-11T11:31:11.915Z - Handled GET_TASK_HISTORY_FOR_HASHES. Handling time: 0. Response time: 0.
[NX Daemon Server] - 2024-09-11T11:31:11.918Z - Closed a connection. Number of open connections: 0
[NX Daemon Server] - 2024-09-11T11:31:11.965Z - [WATCHER]: Processing file changes in outputs
[NX Daemon Server] - 2024-09-11T11:34:01.728Z - [WATCHER]: package.json was modified
[NX Daemon Server] - 2024-09-11T11:34:01.729Z - [WATCHER]: Processing file changes in outputs
[NX Daemon Server] - 2024-09-11T11:34:01.832Z - [REQUEST]: Updated workspace context based on watched changes, recomputing project graph...
[NX Daemon Server] - 2024-09-11T11:34:01.832Z - [REQUEST]: package.json
[NX Daemon Server] - 2024-09-11T11:34:01.832Z - [REQUEST]: 
[NX Daemon Server] - 2024-09-11T11:34:01.834Z - Time taken for 'hash changed files from watcher' 0.5419170260429382ms
[NX Daemon Server] - 2024-09-11T11:34:01.858Z - Time taken for 'build-project-configs' 20.458875000476837ms
[NX Daemon Server] - 2024-09-11T11:34:01.894Z - [SYNC]: collect registered sync generators
[NX Daemon Server] - 2024-09-11T11:34:01.895Z - [SYNC]: project graph hash is the same, not collecting task sync generators
[NX Daemon Server] - 2024-09-11T11:34:01.895Z - [SYNC]: nx.json hash is the same, not collecting global sync generators
[NX Daemon Server] - 2024-09-11T11:34:01.895Z - Time taken for 'total execution time for createProjectGraph()' 31.71375000476837ms
[NX Daemon Server] - 2024-09-11T11:34:11.008Z - [WATCHER]: package.json was modified
[NX Daemon Server] - 2024-09-11T11:34:11.008Z - [WATCHER]: Processing file changes in outputs
[NX Daemon Server] - 2024-09-11T11:34:11.210Z - [REQUEST]: Updated workspace context based on watched changes, recomputing project graph...
[NX Daemon Server] - 2024-09-11T11:34:11.210Z - [REQUEST]: package.json
[NX Daemon Server] - 2024-09-11T11:34:11.210Z - [REQUEST]: 
[NX Daemon Server] - 2024-09-11T11:34:11.212Z - Time taken for 'hash changed files from watcher' 0.46879202127456665ms
[NX Daemon Server] - 2024-09-11T11:34:11.229Z - Time taken for 'build-project-configs' 13.820167005062103ms
[NX Daemon Server] - 2024-09-11T11:34:11.262Z - [SYNC]: collect registered sync generators
[NX Daemon Server] - 2024-09-11T11:34:11.262Z - [SYNC]: project graph hash is the same, not collecting task sync generators
[NX Daemon Server] - 2024-09-11T11:34:11.262Z - [SYNC]: nx.json hash is the same, not collecting global sync generators
[NX Daemon Server] - 2024-09-11T11:34:11.262Z - Time taken for 'total execution time for createProjectGraph()' 27.082499980926514ms
[NX Daemon Server] - 2024-09-11T11:34:11.718Z - [WATCHER]: package.json was modified
[NX Daemon Server] - 2024-09-11T11:34:11.718Z - [WATCHER]: Processing file changes in outputs
[NX Daemon Server] - 2024-09-11T11:34:12.120Z - [REQUEST]: Updated workspace context based on watched changes, recomputing project graph...
[NX Daemon Server] - 2024-09-11T11:34:12.120Z - [REQUEST]: package.json
[NX Daemon Server] - 2024-09-11T11:34:12.120Z - [REQUEST]: 
[NX Daemon Server] - 2024-09-11T11:34:12.121Z - Time taken for 'hash changed files from watcher' 0.4183749556541443ms
[NX Daemon Server] - 2024-09-11T11:34:12.136Z - Time taken for 'build-project-configs' 12.397832989692688ms
[NX Daemon Server] - 2024-09-11T11:34:12.173Z - [SYNC]: collect registered sync generators
[NX Daemon Server] - 2024-09-11T11:34:12.173Z - [SYNC]: project graph hash is the same, not collecting task sync generators
[NX Daemon Server] - 2024-09-11T11:34:12.173Z - [SYNC]: nx.json hash is the same, not collecting global sync generators
[NX Daemon Server] - 2024-09-11T11:34:12.173Z - Time taken for 'total execution time for createProjectGraph()' 28.65679097175598ms
[NX Daemon Server] - 2024-09-11T11:34:16.858Z - [WATCHER]: Processing file changes in outputs
[NX Daemon Server] - 2024-09-11T11:34:16.858Z - [WATCHER]: Stopping the watcher for /Users/nevodavid/Projects/gitroom (sources)
[NX Daemon Server] - 2024-09-11T11:34:16.858Z - [WATCHER]: Stopping the watcher for /Users/nevodavid/Projects/gitroom (outputs)
[NX Daemon Server] - 2024-09-11T11:34:16.859Z - Server stopped because: "LOCK_FILES_CHANGED"
